<?xml version="1.0" encoding="UTF-8"?>
<!-- Generated by org.testng.reporters.JUnitReportReporter -->
<testsuite hostname="LAPTOP-HN4UC1CH" failures="0" tests="1" name="TsestNGclassesTest.BaseTestimplimentsOrg1Test" time="40.822" errors="0" timestamp="20 Oct 2022 14:16:22 GMT" skipped="0">
  <testcase classname="TsestNGclassesTest.BaseTestimplimentsOrg1Test" name="Createorg" time="40.822"/>
</testsuite> <!-- TsestNGclassesTest.BaseTestimplimentsOrg1Test -->
