<?xml version="1.0" encoding="UTF-8"?>
<!-- Generated by org.testng.reporters.JUnitReportReporter -->
<testsuite hostname="LAPTOP-HN4UC1CH" failures="0" tests="1" name="TsestNGclassesTest.BaseTestimplimentsOrg1Test" time="19.279" errors="0" timestamp="21 Oct 2022 04:51:03 GMT" skipped="0">
  <testcase classname="TsestNGclassesTest.BaseTestimplimentsOrg1Test" name="Createorg" time="19.279"/>
</testsuite> <!-- TsestNGclassesTest.BaseTestimplimentsOrg1Test -->
