<?xml version="1.0" encoding="UTF-8"?>
<!-- Generated by org.testng.reporters.JUnitReportReporter -->
<testsuite hostname="LAPTOP-HN4UC1CH" failures="0" tests="1" name="TsestNGclassesTest.BasetestimpwithcontactsOrg3Test" time="35.313" errors="0" timestamp="20 Oct 2022 14:16:22 GMT" skipped="0">
  <testcase classname="TsestNGclassesTest.BasetestimpwithcontactsOrg3Test" name="OrgwithConType" time="35.313"/>
</testsuite> <!-- TsestNGclassesTest.BasetestimpwithcontactsOrg3Test -->
