<?xml version="1.0" encoding="UTF-8"?>
<!-- Generated by org.testng.reporters.JUnitReportReporter -->
<testsuite hostname="LAPTOP-HN4UC1CH" failures="0" tests="1" name="TsestNGclassesTest.tagsclassTest" time="0.012" errors="0" timestamp="2022-10-11T17:54:36 IST" skipped="0">
  <testcase classname="TsestNGclassesTest.tagsclassTest" name="demo" time="0.012"/>
  <system-out/>
</testsuite> <!-- TsestNGclassesTest.tagsclassTest -->
