<?xml version="1.0" encoding="UTF-8"?>
<!-- Generated by org.testng.reporters.JUnitReportReporter -->
<testsuite hostname="LAPTOP-HN4UC1CH" failures="0" tests="1" name="TsestNGclassesTest.BasetestimpwithcontactsOrg3Test" time="30.567" errors="0" timestamp="2022-11-01T17:27:22 IST" skipped="0">
  <testcase classname="TsestNGclassesTest.BasetestimpwithcontactsOrg3Test" name="OrgwithConType" time="30.567"/>
  <system-out/>
</testsuite> <!-- TsestNGclassesTest.BasetestimpwithcontactsOrg3Test -->
