<?xml version="1.0" encoding="UTF-8"?>
<!-- Generated by org.testng.reporters.JUnitReportReporter -->
<testsuite hostname="LAPTOP-HN4UC1CH" failures="0" tests="1" name="ReaddatafromDB.updatedataindatabase" time="0.559" errors="0" timestamp="2022-09-16T16:59:47 IST" skipped="0">
  <testcase classname="ReaddatafromDB.updatedataindatabase" name="updatedatabaseTest" time="0.559"/>
  <system-out/>
</testsuite> <!-- ReaddatafromDB.updatedataindatabase -->
