<?xml version="1.0" encoding="UTF-8"?>
<!-- Generated by org.testng.reporters.JUnitReportReporter -->
<testsuite hostname="LAPTOP-HN4UC1CH" failures="0" tests="1" name="TsestNGclassesTest.TestbaseTest" time="52.050" errors="0" timestamp="2022-10-17T16:10:46 IST" skipped="0">
  <testcase classname="TsestNGclassesTest.TestbaseTest" name="Basetesting" time="52.050"/>
  <system-out/>
</testsuite> <!-- TsestNGclassesTest.TestbaseTest -->
