<?xml version="1.0" encoding="UTF-8"?>
<!-- Generated by org.testng.reporters.JUnitReportReporter -->
<testsuite hostname="LAPTOP-HN4UC1CH" failures="0" tests="7" name="TsestNGclassesTest.tagsTest" time="0.038" errors="0" timestamp="2022-10-12T10:15:47 IST" skipped="0">
  <testcase classname="TsestNGclassesTest.tagsTest" name="test2" time="0.003"/>
  <system-out/>
  <testcase classname="TsestNGclassesTest.tagsTest" name="test1" time="0.012"/>
  <system-out/>
  <testcase classname="TsestNGclassesTest.tagsTest" name="test2" time="0.005"/>
  <system-out/>
  <testcase classname="TsestNGclassesTest.tagsTest" name="test2" time="0.002"/>
  <system-out/>
  <testcase classname="TsestNGclassesTest.tagsTest" name="test3" time="0.004"/>
  <system-out/>
  <testcase classname="TsestNGclassesTest.tagsTest" name="demo1" time="0.005"/>
  <system-out/>
  <testcase classname="TsestNGclassesTest.tagsTest" name="demo" time="0.007"/>
  <system-out/>
</testsuite> <!-- TsestNGclassesTest.tagsTest -->
