<?xml version="1.0" encoding="UTF-8"?>
<!-- Generated by org.testng.reporters.JUnitReportReporter -->
<testsuite hostname="LAPTOP-HN4UC1CH" failures="0" tests="1" name="ReaddatafromDB.readdatafromDatabase" time="0.418" errors="0" timestamp="2022-09-16T16:26:27 IST" skipped="0">
  <testcase classname="ReaddatafromDB.readdatafromDatabase" name="readDataTest" time="0.418"/>
  <system-out/>
</testsuite> <!-- ReaddatafromDB.readdatafromDatabase -->
