<?xml version="1.0" encoding="UTF-8"?>
<!-- Generated by org.testng.reporters.JUnitReportReporter -->
<testsuite hostname="LAPTOP-HN4UC1CH" failures="0" tests="1" name="com.rmgyantra_ExtentReport.ExtentreportTest" time="10.528" errors="0" timestamp="2022-11-01T15:53:04 IST" skipped="0">
  <testcase classname="com.rmgyantra_ExtentReport.ExtentreportTest" name="createreport" time="10.528"/>
  <system-out/>
</testsuite> <!-- com.rmgyantra_ExtentReport.ExtentreportTest -->
