<?xml version="1.0" encoding="UTF-8"?>
<!-- Generated by org.testng.reporters.JUnitReportReporter -->
<testsuite hostname="LAPTOP-HN4UC1CH" failures="0" tests="1" name="TsestNGclassesTest.BaseTestimplimentsOrg1Test" time="19.198" errors="0" timestamp="2022-10-21T10:15:14 IST" skipped="0">
  <testcase classname="TsestNGclassesTest.BaseTestimplimentsOrg1Test" name="Createorg" time="19.198"/>
  <system-out/>
</testsuite> <!-- TsestNGclassesTest.BaseTestimplimentsOrg1Test -->
