<?xml version="1.0" encoding="UTF-8"?>
<!-- Generated by org.testng.reporters.JUnitReportReporter -->
<testsuite hostname="LAPTOP-HN4UC1CH" failures="0" tests="1" name="TsestNGclassesTest.parameterTest" time="16.645" errors="0" timestamp="2022-10-20T19:50:17 IST" skipped="0">
  <testcase classname="TsestNGclassesTest.parameterTest" name="launchbrowser" time="16.645"/>
  <system-out/>
</testsuite> <!-- TsestNGclassesTest.parameterTest -->
