<?xml version="1.0" encoding="UTF-8"?>
<!-- Generated by org.testng.reporters.JUnitReportReporter -->
<testsuite hostname="LAPTOP-HN4UC1CH" failures="0" tests="2" name="TsestNGclassesTest.sampleTest" time="0.014" errors="0" timestamp="2022-10-20T19:51:31 IST" skipped="0">
  <testcase classname="TsestNGclassesTest.sampleTest" name="Regression" time="0.012"/>
  <system-out/>
  <testcase classname="TsestNGclassesTest.sampleTest" name="smoke" time="0.002"/>
  <system-out/>
</testsuite> <!-- TsestNGclassesTest.sampleTest -->
