<?xml version="1.0" encoding="UTF-8"?>
<!-- Generated by org.testng.reporters.JUnitReportReporter -->
<testsuite hostname="LAPTOP-HN4UC1CH" failures="0" tests="5" name="TsestNGclassesTest.DataproviderExcelTest" time="0.037" errors="0" timestamp="2022-10-14T14:47:17 IST" skipped="0">
  <testcase classname="TsestNGclassesTest.DataproviderExcelTest" name="getCred" time="0.005"/>
  <system-out/>
  <testcase classname="TsestNGclassesTest.DataproviderExcelTest" name="getCred" time="0.011"/>
  <system-out/>
  <testcase classname="TsestNGclassesTest.DataproviderExcelTest" name="getCred" time="0.004"/>
  <system-out/>
  <testcase classname="TsestNGclassesTest.DataproviderExcelTest" name="getCred" time="0.013"/>
  <system-out/>
  <testcase classname="TsestNGclassesTest.DataproviderExcelTest" name="getCred" time="0.004"/>
  <system-out/>
</testsuite> <!-- TsestNGclassesTest.DataproviderExcelTest -->
