<?xml version="1.0" encoding="UTF-8"?>
<!-- Generated by org.testng.reporters.JUnitReportReporter -->
<testsuite hostname="LAPTOP-HN4UC1CH" failures="0" tests="1" name="datadriven.ReadDataFromCMDTest" time="0.012" errors="0" timestamp="2022-09-15T17:28:24 IST" skipped="0">
  <testcase classname="datadriven.ReadDataFromCMDTest" name="readDataTest" time="0.012"/>
  <system-out/>
</testsuite> <!-- datadriven.ReadDataFromCMDTest -->
