<?xml version="1.0" encoding="UTF-8"?>
<!-- Generated by org.testng.reporters.JUnitReportReporter -->
<testsuite hostname="LAPTOP-HN4UC1CH" failures="0" tests="1" name="TsestNGclassesTest.tagsclassTest" time="0.010" errors="0" timestamp="2022-10-21T09:47:51 IST" skipped="0">
  <testcase classname="TsestNGclassesTest.tagsclassTest" name="demo1" time="0.010"/>
  <system-out/>
</testsuite> <!-- TsestNGclassesTest.tagsclassTest -->
