<?xml version="1.0" encoding="UTF-8"?>
<!-- Generated by org.testng.reporters.JUnitReportReporter -->
<testsuite hostname="LAPTOP-HN4UC1CH" failures="0" tests="1" name="datadriven.readdataxmltest" time="0.014" errors="0" timestamp="2022-09-14T17:35:23 IST" skipped="0">
  <testcase classname="datadriven.readdataxmltest" name="readdatafromTest" time="0.014"/>
  <system-out/>
</testsuite> <!-- datadriven.readdataxmltest -->
