<?xml version="1.0" encoding="UTF-8"?>
<!-- Generated by org.testng.reporters.JUnitReportReporter -->
<testsuite hostname="LAPTOP-HN4UC1CH" failures="0" tests="3" name="TsestNGclassesTest.DataproviderTest" time="0.018" errors="0" timestamp="2022-10-14T14:42:54 IST" skipped="0">
  <testcase classname="TsestNGclassesTest.DataproviderTest" name="movietickets" time="0.010"/>
  <system-out/>
  <testcase classname="TsestNGclassesTest.DataproviderTest" name="movietickets" time="0.004"/>
  <system-out/>
  <testcase classname="TsestNGclassesTest.DataproviderTest" name="movietickets" time="0.004"/>
  <system-out/>
</testsuite> <!-- TsestNGclassesTest.DataproviderTest -->
