<?xml version="1.0" encoding="UTF-8"?>
<!-- Generated by org.testng.reporters.JUnitReportReporter -->
<testsuite hostname="LAPTOP-HN4UC1CH" failures="0" tests="1" name="TsestNGclassesTest.ChromeOptionsclassTest" time="9.317" errors="0" timestamp="2022-10-21T13:22:16 IST" skipped="0">
  <testcase classname="TsestNGclassesTest.ChromeOptionsclassTest" name="chromeopt" time="9.317"/>
  <system-out/>
</testsuite> <!-- TsestNGclassesTest.ChromeOptionsclassTest -->
