<?xml version="1.0" encoding="UTF-8"?>
<!-- Generated by org.testng.reporters.JUnitReportReporter -->
<testsuite hostname="LAPTOP-HN4UC1CH" failures="0" tests="1" name="TsestNGclassesTest.sampleTest" time="0.011" errors="0" timestamp="2022-10-18T17:16:08 IST" skipped="0">
  <testcase classname="TsestNGclassesTest.sampleTest" name="Regression" time="0.011"/>
  <system-out/>
</testsuite> <!-- TsestNGclassesTest.sampleTest -->
