<?xml version="1.0" encoding="UTF-8"?>
<!-- Generated by org.testng.reporters.JUnitReportReporter -->
<testsuite hostname="LAPTOP-HN4UC1CH" failures="0" tests="1" name="TsestNGclassesTest.BaseTestimplimentsOrg1Test" time="38.526" errors="0" timestamp="2022-11-01T17:27:22 IST" skipped="0">
  <testcase classname="TsestNGclassesTest.BaseTestimplimentsOrg1Test" name="Createorg" time="38.526"/>
  <system-out/>
</testsuite> <!-- TsestNGclassesTest.BaseTestimplimentsOrg1Test -->
