<?xml version="1.0" encoding="UTF-8"?>
<!-- Generated by org.testng.reporters.JUnitReportReporter -->
<testsuite hostname="LAPTOP-HN4UC1CH" failures="0" tests="1" name="TsestNGclassesTest.BaseTestimplimentsOrg2Test" time="21.227" errors="0" timestamp="2022-11-01T17:27:22 IST" skipped="0">
  <testcase classname="TsestNGclassesTest.BaseTestimplimentsOrg2Test" name="OrgwithIndustype" time="21.227"/>
  <system-out/>
</testsuite> <!-- TsestNGclassesTest.BaseTestimplimentsOrg2Test -->
