<?xml version="1.0" encoding="UTF-8"?>
<!-- Generated by org.testng.reporters.JUnitReportReporter -->
<testsuite hostname="LAPTOP-HN4UC1CH" failures="0" tests="1" name="TsestNGclassesTest.sampleTest" time="0.003" errors="0" timestamp="2022-10-21T09:47:51 IST" skipped="0">
  <testcase classname="TsestNGclassesTest.sampleTest" name="integression" time="0.003"/>
  <system-out/>
</testsuite> <!-- TsestNGclassesTest.sampleTest -->
